<?xml version="1.0" encoding="UTF-8"?>
<coverage generated="1777712205123" clover="3.2.0">
  <project timestamp="1777712205123" name="All files">
    <metrics statements="111" coveredstatements="65" conditionals="97" coveredconditionals="30" methods="22" coveredmethods="8" elements="230" coveredelements="103" complexity="0" loc="111" ncloc="111" packages="2" files="5" classes="5"/>
    <package name="components.registered">
      <metrics statements="82" coveredstatements="37" conditionals="81" coveredconditionals="15" methods="20" coveredmethods="6"/>
      <file name="FindConstituency.tsx" path="C:\Users\123456\Desktop\VoteSaathi\VoteSaathi\components\registered\FindConstituency.tsx">
        <metrics statements="82" coveredstatements="37" conditionals="81" coveredconditionals="15" methods="20" coveredmethods="6"/>
        <line num="3" count="1" type="stmt"/>
        <line num="4" count="1" type="stmt"/>
        <line num="5" count="1" type="stmt"/>
        <line num="6" count="1" type="stmt"/>
        <line num="7" count="1" type="stmt"/>
        <line num="8" count="1" type="stmt"/>
        <line num="9" count="1" type="stmt"/>
        <line num="10" count="1" type="stmt"/>
        <line num="11" count="1" type="stmt"/>
        <line num="12" count="1" type="stmt"/>
        <line num="17" count="1" type="cond" truecount="1" falsecount="1"/>
        <line num="21" count="1" type="cond" truecount="1" falsecount="1"/>
        <line num="23" count="5" type="stmt"/>
        <line num="24" count="5" type="stmt"/>
        <line num="25" count="5" type="stmt"/>
        <line num="26" count="5" type="stmt"/>
        <line num="28" count="5" type="stmt"/>
        <line num="29" count="5" type="stmt"/>
        <line num="30" count="5" type="stmt"/>
        <line num="31" count="5" type="stmt"/>
        <line num="32" count="5" type="stmt"/>
        <line num="34" count="5" type="stmt"/>
        <line num="35" count="5" type="cond" truecount="1" falsecount="3"/>
        <line num="38" count="5" type="stmt"/>
        <line num="39" count="5" type="cond" truecount="2" falsecount="2"/>
        <line num="40" count="0" type="cond" truecount="0" falsecount="2"/>
        <line num="44" count="5" type="stmt"/>
        <line num="46" count="0" type="cond" truecount="0" falsecount="2"/>
        <line num="48" count="0" type="stmt"/>
        <line num="50" count="0" type="cond" truecount="0" falsecount="3"/>
        <line num="54" count="0" type="cond" truecount="0" falsecount="2"/>
        <line num="60" count="5" type="stmt"/>
        <line num="61" count="5" type="cond" truecount="1" falsecount="1"/>
        <line num="62" count="0" type="stmt"/>
        <line num="63" count="0" type="cond" truecount="0" falsecount="5"/>
        <line num="64" count="0" type="stmt"/>
        <line num="65" count="0" type="stmt"/>
        <line num="67" count="0" type="cond" truecount="0" falsecount="2"/>
        <line num="69" count="0" type="stmt"/>
        <line num="70" count="0" type="cond" truecount="0" falsecount="2"/>
        <line num="71" count="0" type="stmt"/>
        <line num="73" count="0" type="stmt"/>
        <line num="79" count="5" type="stmt"/>
        <line num="80" count="0" type="stmt"/>
        <line num="81" count="0" type="stmt"/>
        <line num="82" count="0" type="stmt"/>
        <line num="83" count="0" type="stmt"/>
        <line num="86" count="5" type="stmt"/>
        <line num="87" count="0" type="stmt"/>
        <line num="88" count="0" type="stmt"/>
        <line num="89" count="0" type="stmt"/>
        <line num="92" count="5" type="stmt"/>
        <line num="93" count="0" type="cond" truecount="0" falsecount="4"/>
        <line num="94" count="0" type="stmt"/>
        <line num="96" count="0" type="stmt"/>
        <line num="98" count="0" type="cond" truecount="0" falsecount="2"/>
        <line num="100" count="0" type="stmt"/>
        <line num="102" count="0" type="stmt"/>
        <line num="103" count="0" type="stmt"/>
        <line num="104" count="0" type="stmt"/>
        <line num="106" count="0" type="stmt"/>
        <line num="108" count="0" type="cond" truecount="0" falsecount="2"/>
        <line num="109" count="0" type="stmt"/>
        <line num="118" count="5" type="stmt"/>
        <line num="119" count="0" type="stmt"/>
        <line num="120" count="0" type="stmt"/>
        <line num="121" count="0" type="stmt"/>
        <line num="122" count="0" type="stmt"/>
        <line num="125" count="5" type="stmt"/>
        <line num="128" count="5" type="stmt"/>
        <line num="129" count="5" type="cond" truecount="1" falsecount="1"/>
        <line num="130" count="0" type="stmt"/>
        <line num="131" count="0" type="cond" truecount="0" falsecount="4"/>
        <line num="132" count="0" type="cond" truecount="0" falsecount="4"/>
        <line num="133" count="0" type="stmt"/>
        <line num="137" count="5" type="cond" truecount="2" falsecount="0"/>
        <line num="186" count="0" type="stmt"/>
        <line num="198" count="180" type="stmt"/>
        <line num="215" count="0" type="stmt"/>
        <line num="232" count="0" type="stmt"/>
        <line num="301" count="0" type="stmt"/>
        <line num="326" count="0" type="stmt"/>
      </file>
    </package>
    <package name="lib">
      <metrics statements="29" coveredstatements="28" conditionals="16" coveredconditionals="15" methods="2" coveredmethods="2"/>
      <file name="chatResponses.ts" path="C:\Users\123456\Desktop\VoteSaathi\VoteSaathi\lib\chatResponses.ts">
        <metrics statements="17" coveredstatements="17" conditionals="8" coveredconditionals="8" methods="1" coveredmethods="1"/>
        <line num="11" count="1" type="stmt"/>
        <line num="175" count="1" type="stmt"/>
        <line num="182" count="10" type="stmt"/>
        <line num="183" count="10" type="stmt"/>
        <line num="186" count="10" type="stmt"/>
        <line num="187" count="10" type="stmt"/>
        <line num="189" count="10" type="stmt"/>
        <line num="190" count="270" type="stmt"/>
        <line num="191" count="270" type="stmt"/>
        <line num="192" count="1360" type="cond" truecount="2" falsecount="0"/>
        <line num="194" count="12" type="stmt"/>
        <line num="197" count="270" type="cond" truecount="2" falsecount="0"/>
        <line num="198" count="9" type="stmt"/>
        <line num="199" count="9" type="stmt"/>
        <line num="203" count="10" type="cond" truecount="4" falsecount="0"/>
        <line num="204" count="9" type="stmt"/>
        <line num="207" count="1" type="stmt"/>
      </file>
      <file name="constituencyData.ts" path="C:\Users\123456\Desktop\VoteSaathi\VoteSaathi\lib\constituencyData.ts">
        <metrics statements="3" coveredstatements="3" conditionals="0" coveredconditionals="0" methods="0" coveredmethods="0"/>
        <line num="4" count="44" type="stmt"/>
        <line num="46" count="2" type="stmt"/>
        <line num="340" count="2" type="stmt"/>
      </file>
      <file name="electionConfig.ts" path="C:\Users\123456\Desktop\VoteSaathi\VoteSaathi\lib\electionConfig.ts">
        <metrics statements="3" coveredstatements="3" conditionals="0" coveredconditionals="0" methods="0" coveredmethods="0"/>
        <line num="8" count="9" type="stmt"/>
        <line num="17" count="1" type="stmt"/>
        <line num="32" count="1" type="stmt"/>
      </file>
      <file name="formatters.ts" path="C:\Users\123456\Desktop\VoteSaathi\VoteSaathi\lib\formatters.ts">
        <metrics statements="6" coveredstatements="5" conditionals="8" coveredconditionals="7" methods="1" coveredmethods="1"/>
        <line num="9" count="6" type="stmt"/>
        <line num="10" count="6" type="stmt"/>
        <line num="11" count="6" type="cond" truecount="4" falsecount="0"/>
        <line num="12" count="4" type="cond" truecount="2" falsecount="0"/>
        <line num="13" count="1" type="cond" truecount="1" falsecount="1"/>
        <line num="14" count="0" type="stmt"/>
      </file>
    </package>
  </project>
</coverage>
