{"C:\\Users\\123456\\Desktop\\VoteSaathi\\VoteSaathi\\components\\registered\\FindConstituency.tsx": {"path":"C:\\Users\\123456\\Desktop\\VoteSaathi\\VoteSaathi\\components\\registered\\FindConstituency.tsx","statementMap":{"0":{"start":{"line":23,"column":24},"end":{"line":23,"column":null}},"1":{"start":{"line":3,"column":58},"end":{"line":3,"column":null}},"2":{"start":{"line":4,"column":40},"end":{"line":4,"column":null}},"3":{"start":{"line":5,"column":56},"end":{"line":5,"column":null}},"4":{"start":{"line":6,"column":28},"end":{"line":6,"column":null}},"5":{"start":{"line":7,"column":32},"end":{"line":7,"column":null}},"6":{"start":{"line":8,"column":51},"end":{"line":8,"column":null}},"7":{"start":{"line":9,"column":58},"end":{"line":9,"column":null}},"8":{"start":{"line":10,"column":33},"end":{"line":10,"column":null}},"9":{"start":{"line":11,"column":29},"end":{"line":11,"column":null}},"10":{"start":{"line":12,"column":25},"end":{"line":12,"column":null}},"11":{"start":{"line":17,"column":2},"end":{"line":19,"column":null}},"12":{"start":{"line":21,"column":21},"end":{"line":21,"column":null}},"13":{"start":{"line":24,"column":16},"end":{"line":24,"column":null}},"14":{"start":{"line":25,"column":18},"end":{"line":25,"column":null}},"15":{"start":{"line":26,"column":54},"end":{"line":26,"column":null}},"16":{"start":{"line":28,"column":44},"end":{"line":28,"column":null}},"17":{"start":{"line":29,"column":50},"end":{"line":29,"column":null}},"18":{"start":{"line":30,"column":42},"end":{"line":30,"column":null}},"19":{"start":{"line":31,"column":48},"end":{"line":31,"column":null}},"20":{"start":{"line":32,"column":32},"end":{"line":32,"column":null}},"21":{"start":{"line":34,"column":23},"end":{"line":34,"column":null}},"22":{"start":{"line":34,"column":37},"end":{"line":34,"column":75}},"23":{"start":{"line":35,"column":20},"end":{"line":35,"column":78}},"24":{"start":{"line":38,"column":52},"end":{"line":41,"column":null}},"25":{"start":{"line":39,"column":4},"end":{"line":39,"column":null}},"26":{"start":{"line":39,"column":42},"end":{"line":39,"column":null}},"27":{"start":{"line":40,"column":4},"end":{"line":40,"column":null}},"28":{"start":{"line":44,"column":33},"end":{"line":56,"column":null}},"29":{"start":{"line":46,"column":6},"end":{"line":46,"column":null}},"30":{"start":{"line":46,"column":24},"end":{"line":46,"column":null}},"31":{"start":{"line":48,"column":24},"end":{"line":52,"column":null}},"32":{"start":{"line":50,"column":10},"end":{"line":52,"column":null}},"33":{"start":{"line":54,"column":6},"end":{"line":54,"column":null}},"34":{"start":{"line":60,"column":2},"end":{"line":77,"column":null}},"35":{"start":{"line":61,"column":4},"end":{"line":61,"column":null}},"36":{"start":{"line":61,"column":14},"end":{"line":61,"column":null}},"37":{"start":{"line":62,"column":4},"end":{"line":76,"column":null}},"38":{"start":{"line":63,"column":6},"end":{"line":75,"column":null}},"39":{"start":{"line":64,"column":8},"end":{"line":64,"column":null}},"40":{"start":{"line":65,"column":8},"end":{"line":65,"column":null}},"41":{"start":{"line":67,"column":10},"end":{"line":68,"column":56}},"42":{"start":{"line":69,"column":8},"end":{"line":69,"column":null}},"43":{"start":{"line":70,"column":8},"end":{"line":74,"column":null}},"44":{"start":{"line":71,"column":10},"end":{"line":71,"column":null}},"45":{"start":{"line":73,"column":10},"end":{"line":73,"column":null}},"46":{"start":{"line":79,"column":28},"end":{"line":84,"column":null}},"47":{"start":{"line":80,"column":4},"end":{"line":80,"column":null}},"48":{"start":{"line":81,"column":4},"end":{"line":81,"column":null}},"49":{"start":{"line":82,"column":4},"end":{"line":82,"column":null}},"50":{"start":{"line":83,"column":4},"end":{"line":83,"column":null}},"51":{"start":{"line":86,"column":31},"end":{"line":90,"column":null}},"52":{"start":{"line":87,"column":4},"end":{"line":87,"column":null}},"53":{"start":{"line":88,"column":4},"end":{"line":88,"column":null}},"54":{"start":{"line":89,"column":4},"end":{"line":89,"column":null}},"55":{"start":{"line":92,"column":21},"end":{"line":116,"column":null}},"56":{"start":{"line":93,"column":4},"end":{"line":93,"column":null}},"57":{"start":{"line":93,"column":45},"end":{"line":93,"column":null}},"58":{"start":{"line":94,"column":4},"end":{"line":94,"column":null}},"59":{"start":{"line":96,"column":4},"end":{"line":115,"column":null}},"60":{"start":{"line":98,"column":8},"end":{"line":99,"column":56}},"61":{"start":{"line":100,"column":26},"end":{"line":100,"column":null}},"62":{"start":{"line":102,"column":6},"end":{"line":102,"column":null}},"63":{"start":{"line":103,"column":6},"end":{"line":103,"column":null}},"64":{"start":{"line":104,"column":6},"end":{"line":104,"column":null}},"65":{"start":{"line":106,"column":6},"end":{"line":106,"column":null}},"66":{"start":{"line":108,"column":6},"end":{"line":114,"column":null}},"67":{"start":{"line":109,"column":8},"end":{"line":113,"column":null}},"68":{"start":{"line":118,"column":22},"end":{"line":123,"column":null}},"69":{"start":{"line":119,"column":4},"end":{"line":119,"column":null}},"70":{"start":{"line":120,"column":4},"end":{"line":120,"column":null}},"71":{"start":{"line":121,"column":4},"end":{"line":121,"column":null}},"72":{"start":{"line":122,"column":4},"end":{"line":122,"column":null}},"73":{"start":{"line":125,"column":21},"end":{"line":125,"column":269}},"74":{"start":{"line":128,"column":27},"end":{"line":135,"column":null}},"75":{"start":{"line":129,"column":4},"end":{"line":129,"column":null}},"76":{"start":{"line":129,"column":47},"end":{"line":129,"column":null}},"77":{"start":{"line":130,"column":4},"end":{"line":134,"column":null}},"78":{"start":{"line":131,"column":6},"end":{"line":131,"column":null}},"79":{"start":{"line":131,"column":33},"end":{"line":131,"column":null}},"80":{"start":{"line":132,"column":6},"end":{"line":132,"column":null}},"81":{"start":{"line":132,"column":33},"end":{"line":132,"column":null}},"82":{"start":{"line":133,"column":6},"end":{"line":133,"column":null}},"83":{"start":{"line":137,"column":20},"end":{"line":137,"column":null}},"84":{"start":{"line":186,"column":33},"end":{"line":186,"column":null}},"85":{"start":{"line":198,"column":18},"end":{"line":198,"column":38}},"86":{"start":{"line":215,"column":33},"end":{"line":215,"column":null}},"87":{"start":{"line":232,"column":18},"end":{"line":232,"column":41}},"88":{"start":{"line":301,"column":18},"end":{"line":302,"column":null}},"89":{"start":{"line":326,"column":20},"end":{"line":327,"column":null}}},"fnMap":{"0":{"name":"FindConstituency","decl":{"start":{"line":23,"column":24},"end":{"line":23,"column":null}},"loc":{"start":{"line":23,"column":24},"end":{"line":467,"column":null}}},"1":{"name":"(anonymous_2)","decl":{"start":{"line":34,"column":31},"end":{"line":34,"column":37}},"loc":{"start":{"line":34,"column":37},"end":{"line":34,"column":75}}},"2":{"name":"(anonymous_3)","decl":{"start":{"line":38,"column":60},"end":{"line":38,"column":null}},"loc":{"start":{"line":38,"column":60},"end":{"line":41,"column":5}}},"3":{"name":"(anonymous_4)","decl":{"start":{"line":45,"column":4},"end":{"line":45,"column":5}},"loc":{"start":{"line":45,"column":23},"end":{"line":55,"column":null}}},"4":{"name":"(anonymous_5)","decl":{"start":{"line":49,"column":8},"end":{"line":49,"column":9}},"loc":{"start":{"line":50,"column":10},"end":{"line":52,"column":null}}},"5":{"name":"(anonymous_6)","decl":{"start":{"line":60,"column":12},"end":{"line":60,"column":null}},"loc":{"start":{"line":60,"column":12},"end":{"line":77,"column":5}}},"6":{"name":"(anonymous_7)","decl":{"start":{"line":62,"column":31},"end":{"line":62,"column":32}},"loc":{"start":{"line":62,"column":32},"end":{"line":76,"column":null}}},"7":{"name":"(anonymous_8)","decl":{"start":{"line":79,"column":40},"end":{"line":79,"column":41}},"loc":{"start":{"line":79,"column":41},"end":{"line":84,"column":5}}},"8":{"name":"(anonymous_9)","decl":{"start":{"line":86,"column":43},"end":{"line":86,"column":44}},"loc":{"start":{"line":86,"column":44},"end":{"line":90,"column":5}}},"9":{"name":"(anonymous_10)","decl":{"start":{"line":92,"column":33},"end":{"line":92,"column":null}},"loc":{"start":{"line":92,"column":33},"end":{"line":116,"column":5}}},"10":{"name":"(anonymous_11)","decl":{"start":{"line":96,"column":15},"end":{"line":96,"column":null}},"loc":{"start":{"line":96,"column":15},"end":{"line":115,"column":7}}},"11":{"name":"(anonymous_12)","decl":{"start":{"line":118,"column":34},"end":{"line":118,"column":null}},"loc":{"start":{"line":118,"column":34},"end":{"line":123,"column":5}}},"12":{"name":"(anonymous_13)","decl":{"start":{"line":128,"column":35},"end":{"line":128,"column":null}},"loc":{"start":{"line":128,"column":35},"end":{"line":135,"column":5}}},"13":{"name":"(anonymous_14)","decl":{"start":{"line":130,"column":49},"end":{"line":130,"column":50}},"loc":{"start":{"line":130,"column":53},"end":{"line":134,"column":null}}},"14":{"name":"(anonymous_15)","decl":{"start":{"line":186,"column":26},"end":{"line":186,"column":27}},"loc":{"start":{"line":186,"column":33},"end":{"line":186,"column":null}}},"15":{"name":"(anonymous_16)","decl":{"start":{"line":197,"column":34},"end":{"line":197,"column":35}},"loc":{"start":{"line":198,"column":18},"end":{"line":198,"column":38}}},"16":{"name":"(anonymous_17)","decl":{"start":{"line":215,"column":26},"end":{"line":215,"column":27}},"loc":{"start":{"line":215,"column":33},"end":{"line":215,"column":null}}},"17":{"name":"(anonymous_18)","decl":{"start":{"line":231,"column":31},"end":{"line":231,"column":32}},"loc":{"start":{"line":232,"column":18},"end":{"line":232,"column":41}}},"18":{"name":"(anonymous_19)","decl":{"start":{"line":300,"column":34},"end":{"line":300,"column":35}},"loc":{"start":{"line":301,"column":18},"end":{"line":302,"column":null}}},"19":{"name":"(anonymous_20)","decl":{"start":{"line":325,"column":40},"end":{"line":325,"column":41}},"loc":{"start":{"line":326,"column":20},"end":{"line":327,"column":null}}}},"branchMap":{"0":{"loc":{"start":{"line":17,"column":2},"end":{"line":19,"column":null}},"type":"cond-expr","locations":[{"start":{"line":18,"column":6},"end":{"line":18,"column":67}},{"start":{"line":19,"column":6},"end":{"line":19,"column":null}}]},"1":{"loc":{"start":{"line":21,"column":21},"end":{"line":21,"column":null}},"type":"cond-expr","locations":[{"start":{"line":21,"column":44},"end":{"line":21,"column":48}},{"start":{"line":21,"column":48},"end":{"line":21,"column":null}}]},"2":{"loc":{"start":{"line":35,"column":20},"end":{"line":35,"column":78}},"type":"cond-expr","locations":[{"start":{"line":35,"column":36},"end":{"line":35,"column":73}},{"start":{"line":35,"column":76},"end":{"line":35,"column":78}}]},"3":{"loc":{"start":{"line":35,"column":36},"end":{"line":35,"column":73}},"type":"binary-expr","locations":[{"start":{"line":35,"column":36},"end":{"line":35,"column":67}},{"start":{"line":35,"column":71},"end":{"line":35,"column":73}}]},"4":{"loc":{"start":{"line":39,"column":4},"end":{"line":39,"column":null}},"type":"if","locations":[{"start":{"line":39,"column":4},"end":{"line":39,"column":null}},{"start":{},"end":{}}]},"5":{"loc":{"start":{"line":39,"column":8},"end":{"line":39,"column":42}},"type":"binary-expr","locations":[{"start":{"line":39,"column":8},"end":{"line":39,"column":28}},{"start":{"line":39,"column":28},"end":{"line":39,"column":42}}]},"6":{"loc":{"start":{"line":40,"column":11},"end":{"line":40,"column":null}},"type":"binary-expr","locations":[{"start":{"line":40,"column":11},"end":{"line":40,"column":39}},{"start":{"line":40,"column":43},"end":{"line":40,"column":null}}]},"7":{"loc":{"start":{"line":46,"column":6},"end":{"line":46,"column":null}},"type":"if","locations":[{"start":{"line":46,"column":6},"end":{"line":46,"column":null}},{"start":{},"end":{}}]},"8":{"loc":{"start":{"line":50,"column":10},"end":{"line":52,"column":null}},"type":"binary-expr","locations":[{"start":{"line":50,"column":10},"end":{"line":50,"column":null}},{"start":{"line":51,"column":11},"end":{"line":51,"column":null}},{"start":{"line":52,"column":12},"end":{"line":52,"column":null}}]},"9":{"loc":{"start":{"line":54,"column":13},"end":{"line":54,"column":null}},"type":"binary-expr","locations":[{"start":{"line":54,"column":13},"end":{"line":54,"column":26}},{"start":{"line":54,"column":26},"end":{"line":54,"column":null}}]},"10":{"loc":{"start":{"line":61,"column":4},"end":{"line":61,"column":null}},"type":"if","locations":[{"start":{"line":61,"column":4},"end":{"line":61,"column":null}},{"start":{},"end":{}}]},"11":{"loc":{"start":{"line":63,"column":6},"end":{"line":75,"column":null}},"type":"if","locations":[{"start":{"line":63,"column":6},"end":{"line":75,"column":null}},{"start":{},"end":{}}]},"12":{"loc":{"start":{"line":63,"column":10},"end":{"line":63,"column":48}},"type":"binary-expr","locations":[{"start":{"line":63,"column":10},"end":{"line":63,"column":19}},{"start":{"line":63,"column":19},"end":{"line":63,"column":30}},{"start":{"line":63,"column":34},"end":{"line":63,"column":48}}]},"13":{"loc":{"start":{"line":67,"column":10},"end":{"line":68,"column":56}},"type":"binary-expr","locations":[{"start":{"line":67,"column":10},"end":{"line":67,"column":49}},{"start":{"line":68,"column":10},"end":{"line":68,"column":56}}]},"14":{"loc":{"start":{"line":70,"column":8},"end":{"line":74,"column":null}},"type":"if","locations":[{"start":{"line":70,"column":8},"end":{"line":74,"column":null}},{"start":{"line":72,"column":15},"end":{"line":74,"column":null}}]},"15":{"loc":{"start":{"line":93,"column":4},"end":{"line":93,"column":null}},"type":"if","locations":[{"start":{"line":93,"column":4},"end":{"line":93,"column":null}},{"start":{},"end":{}}]},"16":{"loc":{"start":{"line":93,"column":8},"end":{"line":93,"column":45}},"type":"binary-expr","locations":[{"start":{"line":93,"column":8},"end":{"line":93,"column":26}},{"start":{"line":93,"column":26},"end":{"line":93,"column":45}}]},"17":{"loc":{"start":{"line":98,"column":8},"end":{"line":99,"column":56}},"type":"binary-expr","locations":[{"start":{"line":98,"column":8},"end":{"line":98,"column":49}},{"start":{"line":99,"column":8},"end":{"line":99,"column":56}}]},"18":{"loc":{"start":{"line":108,"column":6},"end":{"line":114,"column":null}},"type":"if","locations":[{"start":{"line":108,"column":6},"end":{"line":114,"column":null}},{"start":{},"end":{}}]},"19":{"loc":{"start":{"line":112,"column":27},"end":{"line":112,"column":null}},"type":"binary-expr","locations":[{"start":{"line":112,"column":27},"end":{"line":112,"column":42}},{"start":{"line":112,"column":42},"end":{"line":112,"column":null}}]},"20":{"loc":{"start":{"line":129,"column":4},"end":{"line":129,"column":null}},"type":"if","locations":[{"start":{"line":129,"column":4},"end":{"line":129,"column":null}},{"start":{},"end":{}}]},"21":{"loc":{"start":{"line":131,"column":6},"end":{"line":131,"column":null}},"type":"if","locations":[{"start":{"line":131,"column":6},"end":{"line":131,"column":null}},{"start":{},"end":{}}]},"22":{"loc":{"start":{"line":131,"column":10},"end":{"line":131,"column":31}},"type":"binary-expr","locations":[{"start":{"line":131,"column":10},"end":{"line":131,"column":18}},{"start":{"line":131,"column":22},"end":{"line":131,"column":31}}]},"23":{"loc":{"start":{"line":132,"column":6},"end":{"line":132,"column":null}},"type":"if","locations":[{"start":{"line":132,"column":6},"end":{"line":132,"column":null}},{"start":{},"end":{}}]},"24":{"loc":{"start":{"line":132,"column":10},"end":{"line":132,"column":31}},"type":"binary-expr","locations":[{"start":{"line":132,"column":10},"end":{"line":132,"column":19}},{"start":{"line":132,"column":23},"end":{"line":132,"column":31}}]},"25":{"loc":{"start":{"line":137,"column":20},"end":{"line":137,"column":null}},"type":"binary-expr","locations":[{"start":{"line":137,"column":20},"end":{"line":137,"column":51}},{"start":{"line":137,"column":51},"end":{"line":137,"column":null}}]},"26":{"loc":{"start":{"line":167,"column":9},"end":{"line":259,"column":null}},"type":"cond-expr","locations":[{"start":{"line":168,"column":10},"end":{"line":169,"column":null}},{"start":{"line":258,"column":10},"end":{"line":259,"column":null}}]},"27":{"loc":{"start":{"line":218,"column":18},"end":{"line":220,"column":null}},"type":"cond-expr","locations":[{"start":{"line":219,"column":22},"end":{"line":219,"column":null}},{"start":{"line":220,"column":22},"end":{"line":220,"column":null}}]},"28":{"loc":{"start":{"line":243,"column":24},"end":{"line":243,"column":null}},"type":"binary-expr","locations":[{"start":{"line":243,"column":24},"end":{"line":243,"column":42}},{"start":{"line":243,"column":42},"end":{"line":243,"column":63}},{"start":{"line":243,"column":63},"end":{"line":243,"column":null}}]},"29":{"loc":{"start":{"line":245,"column":16},"end":{"line":247,"column":null}},"type":"cond-expr","locations":[{"start":{"line":246,"column":20},"end":{"line":246,"column":null}},{"start":{"line":247,"column":20},"end":{"line":247,"column":null}}]},"30":{"loc":{"start":{"line":245,"column":16},"end":{"line":245,"column":null}},"type":"binary-expr","locations":[{"start":{"line":245,"column":16},"end":{"line":245,"column":34}},{"start":{"line":245,"column":34},"end":{"line":245,"column":null}}]},"31":{"loc":{"start":{"line":250,"column":15},"end":{"line":253,"column":null}},"type":"cond-expr","locations":[{"start":{"line":251,"column":16},"end":{"line":253,"column":18}},{"start":{"line":253,"column":16},"end":{"line":253,"column":null}}]},"32":{"loc":{"start":{"line":281,"column":26},"end":{"line":281,"column":null}},"type":"binary-expr","locations":[{"start":{"line":281,"column":26},"end":{"line":281,"column":64}},{"start":{"line":281,"column":64},"end":{"line":281,"column":null}}]},"33":{"loc":{"start":{"line":288,"column":19},"end":{"line":288,"column":null}},"type":"binary-expr","locations":[{"start":{"line":288,"column":19},"end":{"line":288,"column":null}}]},"34":{"loc":{"start":{"line":299,"column":14},"end":{"line":316,"column":33}},"type":"cond-expr","locations":[{"start":{"line":299,"column":14},"end":{"line":316,"column":33}}]},"35":{"loc":{"start":{"line":317,"column":14},"end":{"line":436,"column":34}},"type":"cond-expr","locations":[{"start":{"line":317,"column":14},"end":{"line":436,"column":34}}]},"36":{"loc":{"start":{"line":328,"column":31},"end":{"line":328,"column":null}},"type":"cond-expr","locations":[{"start":{"line":328,"column":54},"end":{"line":328,"column":62}},{"start":{"line":328,"column":62},"end":{"line":328,"column":null}}]},"37":{"loc":{"start":{"line":333,"column":36},"end":{"line":335,"column":null}},"type":"cond-expr","locations":[{"start":{"line":334,"column":28},"end":{"line":334,"column":null}},{"start":{"line":335,"column":28},"end":{"line":335,"column":null}}]},"38":{"loc":{"start":{"line":344,"column":27},"end":{"line":344,"column":43}},"type":"binary-expr","locations":[{"start":{"line":344,"column":27},"end":{"line":344,"column":43}}]},"39":{"loc":{"start":{"line":364,"column":28},"end":{"line":366,"column":null}},"type":"cond-expr","locations":[{"start":{"line":365,"column":32},"end":{"line":365,"column":null}},{"start":{"line":366,"column":32},"end":{"line":366,"column":null}}]},"40":{"loc":{"start":{"line":383,"column":29},"end":{"line":383,"column":null}},"type":"cond-expr","locations":[{"start":{"line":383,"column":52},"end":{"line":383,"column":60}},{"start":{"line":383,"column":60},"end":{"line":383,"column":null}}]}},"s":{"0":5,"1":1,"2":1,"3":1,"4":1,"5":1,"6":1,"7":1,"8":1,"9":1,"10":1,"11":1,"12":1,"13":5,"14":5,"15":5,"16":5,"17":5,"18":5,"19":5,"20":5,"21":5,"22":5,"23":5,"24":5,"25":5,"26":5,"27":0,"28":5,"29":0,"30":0,"31":0,"32":0,"33":0,"34":5,"35":5,"36":5,"37":0,"38":0,"39":0,"40":0,"41":0,"42":0,"43":0,"44":0,"45":0,"46":5,"47":0,"48":0,"49":0,"50":0,"51":5,"52":0,"53":0,"54":0,"55":5,"56":0,"57":0,"58":0,"59":0,"60":0,"61":0,"62":0,"63":0,"64":0,"65":0,"66":0,"67":0,"68":5,"69":0,"70":0,"71":0,"72":0,"73":5,"74":5,"75":5,"76":5,"77":0,"78":0,"79":0,"80":0,"81":0,"82":0,"83":5,"84":0,"85":180,"86":0,"87":0,"88":0,"89":0},"f":{"0":5,"1":5,"2":5,"3":0,"4":0,"5":5,"6":0,"7":0,"8":0,"9":0,"10":0,"11":0,"12":5,"13":0,"14":0,"15":180,"16":0,"17":0,"18":0,"19":0},"b":{"0":[1,0],"1":[0,1],"2":[0,5],"3":[0,0],"4":[5,0],"5":[5,0],"6":[0,0],"7":[0,0],"8":[0,0,0],"9":[0,0],"10":[5,0],"11":[0,0],"12":[0,0,0],"13":[0,0],"14":[0,0],"15":[0,0],"16":[0,0],"17":[0,0],"18":[0,0],"19":[0,0],"20":[5,0],"21":[0,0],"22":[0,0],"23":[0,0],"24":[0,0],"25":[5,5],"26":[5,0],"27":[5,0],"28":[5,0,0],"29":[5,0],"30":[5,0],"31":[0,5],"32":[0,0],"33":[0],"34":[0],"35":[0],"36":[0,0],"37":[0,0],"38":[0],"39":[0,0],"40":[0,0]}}
,"C:\\Users\\123456\\Desktop\\VoteSaathi\\VoteSaathi\\lib\\chatResponses.ts": {"path":"C:\\Users\\123456\\Desktop\\VoteSaathi\\VoteSaathi\\lib\\chatResponses.ts","statementMap":{"0":{"start":{"line":182,"column":16},"end":{"line":182,"column":28}},"1":{"start":{"line":11,"column":37},"end":{"line":172,"column":null}},"2":{"start":{"line":175,"column":2},"end":{"line":175,"column":null}},"3":{"start":{"line":183,"column":21},"end":{"line":183,"column":null}},"4":{"start":{"line":186,"column":42},"end":{"line":186,"column":null}},"5":{"start":{"line":187,"column":18},"end":{"line":187,"column":null}},"6":{"start":{"line":189,"column":2},"end":{"line":201,"column":null}},"7":{"start":{"line":190,"column":16},"end":{"line":190,"column":null}},"8":{"start":{"line":191,"column":4},"end":{"line":196,"column":null}},"9":{"start":{"line":192,"column":6},"end":{"line":195,"column":null}},"10":{"start":{"line":194,"column":8},"end":{"line":194,"column":null}},"11":{"start":{"line":197,"column":4},"end":{"line":200,"column":null}},"12":{"start":{"line":198,"column":6},"end":{"line":198,"column":null}},"13":{"start":{"line":199,"column":6},"end":{"line":199,"column":null}},"14":{"start":{"line":203,"column":2},"end":{"line":205,"column":null}},"15":{"start":{"line":204,"column":4},"end":{"line":204,"column":null}},"16":{"start":{"line":207,"column":2},"end":{"line":207,"column":null}}},"fnMap":{"0":{"name":"getResponse","decl":{"start":{"line":182,"column":16},"end":{"line":182,"column":28}},"loc":{"start":{"line":182,"column":41},"end":{"line":208,"column":null}}}},"branchMap":{"0":{"loc":{"start":{"line":192,"column":6},"end":{"line":195,"column":null}},"type":"if","locations":[{"start":{"line":192,"column":6},"end":{"line":195,"column":null}},{"start":{},"end":{}}]},"1":{"loc":{"start":{"line":197,"column":4},"end":{"line":200,"column":null}},"type":"if","locations":[{"start":{"line":197,"column":4},"end":{"line":200,"column":null}},{"start":{},"end":{}}]},"2":{"loc":{"start":{"line":203,"column":2},"end":{"line":205,"column":null}},"type":"if","locations":[{"start":{"line":203,"column":2},"end":{"line":205,"column":null}},{"start":{},"end":{}}]},"3":{"loc":{"start":{"line":203,"column":6},"end":{"line":203,"column":34}},"type":"binary-expr","locations":[{"start":{"line":203,"column":6},"end":{"line":203,"column":19}},{"start":{"line":203,"column":19},"end":{"line":203,"column":34}}]}},"s":{"0":10,"1":1,"2":1,"3":10,"4":10,"5":10,"6":10,"7":270,"8":270,"9":1360,"10":12,"11":270,"12":9,"13":9,"14":10,"15":9,"16":1},"f":{"0":10},"b":{"0":[12,1348],"1":[9,261],"2":[9,1],"3":[10,9]}}
,"C:\\Users\\123456\\Desktop\\VoteSaathi\\VoteSaathi\\lib\\constituencyData.ts": {"path":"C:\\Users\\123456\\Desktop\\VoteSaathi\\VoteSaathi\\lib\\constituencyData.ts","statementMap":{"0":{"start":{"line":46,"column":13},"end":{"line":46,"column":36}},"1":{"start":{"line":340,"column":13},"end":{"line":340,"column":38}},"2":{"start":{"line":4,"column":13},"end":{"line":4,"column":29}},"3":{"start":{"line":4,"column":58},"end":{"line":44,"column":null}},"4":{"start":{"line":46,"column":63},"end":{"line":337,"column":null}},"5":{"start":{"line":340,"column":65},"end":{"line":356,"column":null}}},"fnMap":{},"branchMap":{},"s":{"0":0,"1":0,"2":44,"3":2,"4":2,"5":2},"f":{},"b":{}}
,"C:\\Users\\123456\\Desktop\\VoteSaathi\\VoteSaathi\\lib\\electionConfig.ts": {"path":"C:\\Users\\123456\\Desktop\\VoteSaathi\\VoteSaathi\\lib\\electionConfig.ts","statementMap":{"0":{"start":{"line":8,"column":13},"end":{"line":8,"column":26}},"1":{"start":{"line":17,"column":13},"end":{"line":17,"column":26}},"2":{"start":{"line":32,"column":13},"end":{"line":32,"column":19}},"3":{"start":{"line":8,"column":29},"end":{"line":15,"column":null}},"4":{"start":{"line":17,"column":60},"end":{"line":30,"column":null}},"5":{"start":{"line":32,"column":22},"end":{"line":37,"column":null}}},"fnMap":{},"branchMap":{},"s":{"0":9,"1":0,"2":0,"3":1,"4":1,"5":1},"f":{},"b":{}}
,"C:\\Users\\123456\\Desktop\\VoteSaathi\\VoteSaathi\\lib\\formatters.ts": {"path":"C:\\Users\\123456\\Desktop\\VoteSaathi\\VoteSaathi\\lib\\formatters.ts","statementMap":{"0":{"start":{"line":9,"column":16},"end":{"line":9,"column":29}},"1":{"start":{"line":10,"column":14},"end":{"line":10,"column":null}},"2":{"start":{"line":11,"column":2},"end":{"line":11,"column":null}},"3":{"start":{"line":11,"column":31},"end":{"line":11,"column":null}},"4":{"start":{"line":12,"column":2},"end":{"line":12,"column":null}},"5":{"start":{"line":12,"column":23},"end":{"line":12,"column":null}},"6":{"start":{"line":13,"column":2},"end":{"line":13,"column":null}},"7":{"start":{"line":13,"column":21},"end":{"line":13,"column":null}},"8":{"start":{"line":14,"column":2},"end":{"line":14,"column":null}}},"fnMap":{"0":{"name":"formatAssets","decl":{"start":{"line":9,"column":16},"end":{"line":9,"column":29}},"loc":{"start":{"line":9,"column":45},"end":{"line":15,"column":null}}}},"branchMap":{"0":{"loc":{"start":{"line":11,"column":2},"end":{"line":11,"column":null}},"type":"if","locations":[{"start":{"line":11,"column":2},"end":{"line":11,"column":null}},{"start":{},"end":{}}]},"1":{"loc":{"start":{"line":11,"column":6},"end":{"line":11,"column":31}},"type":"binary-expr","locations":[{"start":{"line":11,"column":6},"end":{"line":11,"column":20}},{"start":{"line":11,"column":20},"end":{"line":11,"column":31}}]},"2":{"loc":{"start":{"line":12,"column":2},"end":{"line":12,"column":null}},"type":"if","locations":[{"start":{"line":12,"column":2},"end":{"line":12,"column":null}},{"start":{},"end":{}}]},"3":{"loc":{"start":{"line":13,"column":2},"end":{"line":13,"column":null}},"type":"if","locations":[{"start":{"line":13,"column":2},"end":{"line":13,"column":null}},{"start":{},"end":{}}]}},"s":{"0":6,"1":6,"2":6,"3":2,"4":4,"5":3,"6":1,"7":1,"8":0},"f":{"0":6},"b":{"0":[2,4],"1":[6,5],"2":[3,1],"3":[1,0]}}
}
