TN:
SF:components\registered\FindConstituency.tsx
FN:23,FindConstituency
FN:34,(anonymous_2)
FN:38,(anonymous_3)
FN:45,(anonymous_4)
FN:49,(anonymous_5)
FN:60,(anonymous_6)
FN:62,(anonymous_7)
FN:79,(anonymous_8)
FN:86,(anonymous_9)
FN:92,(anonymous_10)
FN:96,(anonymous_11)
FN:118,(anonymous_12)
FN:128,(anonymous_13)
FN:130,(anonymous_14)
FN:186,(anonymous_15)
FN:197,(anonymous_16)
FN:215,(anonymous_17)
FN:231,(anonymous_18)
FN:300,(anonymous_19)
FN:325,(anonymous_20)
FNF:20
FNH:6
FNDA:5,FindConstituency
FNDA:5,(anonymous_2)
FNDA:5,(anonymous_3)
FNDA:0,(anonymous_4)
FNDA:0,(anonymous_5)
FNDA:5,(anonymous_6)
FNDA:0,(anonymous_7)
FNDA:0,(anonymous_8)
FNDA:0,(anonymous_9)
FNDA:0,(anonymous_10)
FNDA:0,(anonymous_11)
FNDA:0,(anonymous_12)
FNDA:5,(anonymous_13)
FNDA:0,(anonymous_14)
FNDA:0,(anonymous_15)
FNDA:180,(anonymous_16)
FNDA:0,(anonymous_17)
FNDA:0,(anonymous_18)
FNDA:0,(anonymous_19)
FNDA:0,(anonymous_20)
DA:3,1
DA:4,1
DA:5,1
DA:6,1
DA:7,1
DA:8,1
DA:9,1
DA:10,1
DA:11,1
DA:12,1
DA:17,1
DA:21,1
DA:23,5
DA:24,5
DA:25,5
DA:26,5
DA:28,5
DA:29,5
DA:30,5
DA:31,5
DA:32,5
DA:34,5
DA:35,5
DA:38,5
DA:39,5
DA:40,0
DA:44,5
DA:46,0
DA:48,0
DA:50,0
DA:54,0
DA:60,5
DA:61,5
DA:62,0
DA:63,0
DA:64,0
DA:65,0
DA:67,0
DA:69,0
DA:70,0
DA:71,0
DA:73,0
DA:79,5
DA:80,0
DA:81,0
DA:82,0
DA:83,0
DA:86,5
DA:87,0
DA:88,0
DA:89,0
DA:92,5
DA:93,0
DA:94,0
DA:96,0
DA:98,0
DA:100,0
DA:102,0
DA:103,0
DA:104,0
DA:106,0
DA:108,0
DA:109,0
DA:118,5
DA:119,0
DA:120,0
DA:121,0
DA:122,0
DA:125,5
DA:128,5
DA:129,5
DA:130,0
DA:131,0
DA:132,0
DA:133,0
DA:137,5
DA:186,0
DA:198,180
DA:215,0
DA:232,0
DA:301,0
DA:326,0
LF:82
LH:37
BRDA:17,0,0,1
BRDA:17,0,1,0
BRDA:21,1,0,0
BRDA:21,1,1,1
BRDA:35,2,0,0
BRDA:35,2,1,5
BRDA:35,3,0,0
BRDA:35,3,1,0
BRDA:39,4,0,5
BRDA:39,4,1,0
BRDA:39,5,0,5
BRDA:39,5,1,0
BRDA:40,6,0,0
BRDA:40,6,1,0
BRDA:46,7,0,0
BRDA:46,7,1,0
BRDA:50,8,0,0
BRDA:50,8,1,0
BRDA:50,8,2,0
BRDA:54,9,0,0
BRDA:54,9,1,0
BRDA:61,10,0,5
BRDA:61,10,1,0
BRDA:63,11,0,0
BRDA:63,11,1,0
BRDA:63,12,0,0
BRDA:63,12,1,0
BRDA:63,12,2,0
BRDA:67,13,0,0
BRDA:67,13,1,0
BRDA:70,14,0,0
BRDA:70,14,1,0
BRDA:93,15,0,0
BRDA:93,15,1,0
BRDA:93,16,0,0
BRDA:93,16,1,0
BRDA:98,17,0,0
BRDA:98,17,1,0
BRDA:108,18,0,0
BRDA:108,18,1,0
BRDA:112,19,0,0
BRDA:112,19,1,0
BRDA:129,20,0,5
BRDA:129,20,1,0
BRDA:131,21,0,0
BRDA:131,21,1,0
BRDA:131,22,0,0
BRDA:131,22,1,0
BRDA:132,23,0,0
BRDA:132,23,1,0
BRDA:132,24,0,0
BRDA:132,24,1,0
BRDA:137,25,0,5
BRDA:137,25,1,5
BRDA:167,26,0,5
BRDA:167,26,1,0
BRDA:218,27,0,5
BRDA:218,27,1,0
BRDA:243,28,0,5
BRDA:243,28,1,0
BRDA:243,28,2,0
BRDA:245,29,0,5
BRDA:245,29,1,0
BRDA:245,30,0,5
BRDA:245,30,1,0
BRDA:250,31,0,0
BRDA:250,31,1,5
BRDA:281,32,0,0
BRDA:281,32,1,0
BRDA:288,33,0,0
BRDA:299,34,0,0
BRDA:317,35,0,0
BRDA:328,36,0,0
BRDA:328,36,1,0
BRDA:333,37,0,0
BRDA:333,37,1,0
BRDA:344,38,0,0
BRDA:364,39,0,0
BRDA:364,39,1,0
BRDA:383,40,0,0
BRDA:383,40,1,0
BRF:81
BRH:15
end_of_record
TN:
SF:lib\chatResponses.ts
FN:182,getResponse
FNF:1
FNH:1
FNDA:10,getResponse
DA:11,1
DA:175,1
DA:182,10
DA:183,10
DA:186,10
DA:187,10
DA:189,10
DA:190,270
DA:191,270
DA:192,1360
DA:194,12
DA:197,270
DA:198,9
DA:199,9
DA:203,10
DA:204,9
DA:207,1
LF:17
LH:17
BRDA:192,0,0,12
BRDA:192,0,1,1348
BRDA:197,1,0,9
BRDA:197,1,1,261
BRDA:203,2,0,9
BRDA:203,2,1,1
BRDA:203,3,0,10
BRDA:203,3,1,9
BRF:8
BRH:8
end_of_record
TN:
SF:lib\constituencyData.ts
FNF:0
FNH:0
DA:4,44
DA:46,2
DA:340,2
LF:3
LH:3
BRF:0
BRH:0
end_of_record
TN:
SF:lib\electionConfig.ts
FNF:0
FNH:0
DA:8,9
DA:17,1
DA:32,1
LF:3
LH:3
BRF:0
BRH:0
end_of_record
TN:
SF:lib\formatters.ts
FN:9,formatAssets
FNF:1
FNH:1
FNDA:6,formatAssets
DA:9,6
DA:10,6
DA:11,6
DA:12,4
DA:13,1
DA:14,0
LF:6
LH:5
BRDA:11,0,0,2
BRDA:11,0,1,4
BRDA:11,1,0,6
BRDA:11,1,1,5
BRDA:12,2,0,3
BRDA:12,2,1,1
BRDA:13,3,0,1
BRDA:13,3,1,0
BRF:8
BRH:7
end_of_record
